[2020-06-13 00:04:03,103] I kiwoom.py | Kiwoom-msg_slot-0869 I DEBUG    > 스크린: 2000, 요청이름: 예수금상세현황요청, tr코드: opw00001 --- [00Z310] 모의투자 조회가 완료되었습니다
[2020-06-13 00:04:03,107] I kiwoom.py | Kiwoom-trdata_slot-0186 I DEBUG    > 예수금 : 4938746
[2020-06-13 00:04:03,175] I kiwoom.py | Kiwoom-msg_slot-0869 I DEBUG    > 스크린: 2000, 요청이름: 계좌평가잔고내역요청, tr코드: opw00018 --- [00Z310] 모의투자 조회가 완료되었습니다
[2020-06-13 00:04:03,178] I kiwoom.py | Kiwoom-trdata_slot-0201 I DEBUG    > 계좌평가잔고내역요청 싱글데이터 : 000000000052750 - -00000000000741 - -00000001.40
[2020-06-13 00:04:03,179] I kiwoom.py | Kiwoom-trdata_slot-0222 I DEBUG    > 종목코드: 196300 - 종목명: 애니젠                                   - 보유수량: 000000000000005 - 매입가:000000000010550 - 수익률: -00000001.40 - 현재가: 000000010500
[2020-06-13 00:04:03,179] I kiwoom.py | Kiwoom-trdata_slot-0246 I DEBUG    > sPreNext : 
[2020-06-13 00:04:08,675] I kiwoom.py | Kiwoom-msg_slot-0869 I DEBUG    > 스크린: , 요청이름: , tr코드:  ---  조회가 완료되었습니다.
[2020-06-13 12:38:48,240] I kiwoom.py | Kiwoom-msg_slot-0869 I DEBUG    > 스크린: 2000, 요청이름: 예수금상세현황요청, tr코드: opw00001 --- [00Z310] 모의투자 조회가 완료되었습니다
[2020-06-13 12:38:48,248] I kiwoom.py | Kiwoom-trdata_slot-0186 I DEBUG    > 예수금 : 4938746
[2020-06-13 12:38:48,316] I kiwoom.py | Kiwoom-msg_slot-0869 I DEBUG    > 스크린: 2000, 요청이름: 계좌평가잔고내역요청, tr코드: opw00018 --- [00Z310] 모의투자 조회가 완료되었습니다
[2020-06-13 12:38:48,318] I kiwoom.py | Kiwoom-trdata_slot-0201 I DEBUG    > 계좌평가잔고내역요청 싱글데이터 : 000000000052750 - -00000000000741 - -00000001.40
[2020-06-13 12:38:48,319] I kiwoom.py | Kiwoom-trdata_slot-0222 I DEBUG    > 종목코드: 196300 - 종목명: 애니젠                                   - 보유수량: 000000000000005 - 매입가:000000000010550 - 수익률: -00000001.40 - 현재가: 000000010500
[2020-06-13 12:38:48,320] I kiwoom.py | Kiwoom-trdata_slot-0246 I DEBUG    > sPreNext : 
[2020-06-13 12:38:53,363] I kiwoom.py | Kiwoom-msg_slot-0869 I DEBUG    > 스크린: , 요청이름: , tr코드:  ---  조회가 완료되었습니다.
[2020-06-13 18:27:08,861] I kiwoom.py | Kiwoom-msg_slot-0869 I DEBUG    > 스크린: 2000, 요청이름: 예수금상세현황요청, tr코드: opw00001 --- [00Z310] 모의투자 조회가 완료되었습니다
[2020-06-13 18:27:08,863] I kiwoom.py | Kiwoom-trdata_slot-0186 I DEBUG    > 예수금 : 4938746
[2020-06-13 18:27:08,942] I kiwoom.py | Kiwoom-msg_slot-0869 I DEBUG    > 스크린: 2000, 요청이름: 계좌평가잔고내역요청, tr코드: opw00018 --- [00Z310] 모의투자 조회가 완료되었습니다
[2020-06-13 18:27:08,949] I kiwoom.py | Kiwoom-trdata_slot-0201 I DEBUG    > 계좌평가잔고내역요청 싱글데이터 : 000000000052750 - -00000000000741 - -00000001.40
[2020-06-13 18:27:08,950] I kiwoom.py | Kiwoom-trdata_slot-0222 I DEBUG    > 종목코드: 196300 - 종목명: 애니젠                                   - 보유수량: 000000000000005 - 매입가:000000000010550 - 수익률: -00000001.40 - 현재가: 000000010500
[2020-06-13 18:27:08,951] I kiwoom.py | Kiwoom-trdata_slot-0246 I DEBUG    > sPreNext : 
[2020-06-13 18:27:14,025] I kiwoom.py | Kiwoom-msg_slot-0869 I DEBUG    > 스크린: , 요청이름: , tr코드:  ---  조회가 완료되었습니다.
[2020-06-13 18:27:24,596] I kiwoom.py | Kiwoom-msg_slot-0869 I DEBUG    > 스크린: 2000, 요청이름: 예수금상세현황요청, tr코드: opw00001 --- [00Z310] 모의투자 조회가 완료되었습니다
[2020-06-13 18:27:24,599] I kiwoom.py | Kiwoom-trdata_slot-0186 I DEBUG    > 예수금 : 4938746
[2020-06-13 18:27:24,677] I kiwoom.py | Kiwoom-msg_slot-0869 I DEBUG    > 스크린: 2000, 요청이름: 계좌평가잔고내역요청, tr코드: opw00018 --- [00Z310] 모의투자 조회가 완료되었습니다
[2020-06-13 18:27:24,679] I kiwoom.py | Kiwoom-trdata_slot-0201 I DEBUG    > 계좌평가잔고내역요청 싱글데이터 : 000000000052750 - -00000000000741 - -00000001.40
[2020-06-13 18:27:24,679] I kiwoom.py | Kiwoom-trdata_slot-0222 I DEBUG    > 종목코드: 196300 - 종목명: 애니젠                                   - 보유수량: 000000000000005 - 매입가:000000000010550 - 수익률: -00000001.40 - 현재가: 000000010500
[2020-06-13 18:27:24,679] I kiwoom.py | Kiwoom-trdata_slot-0246 I DEBUG    > sPreNext : 
[2020-06-13 18:27:29,736] I kiwoom.py | Kiwoom-msg_slot-0869 I DEBUG    > 스크린: , 요청이름: , tr코드:  ---  조회가 완료되었습니다.
[2020-06-13 18:29:40,263] I kiwoom.py | Kiwoom-msg_slot-0869 I DEBUG    > 스크린: 2000, 요청이름: 예수금상세현황요청, tr코드: opw00001 --- [00Z310] 모의투자 조회가 완료되었습니다
[2020-06-13 18:29:40,266] I kiwoom.py | Kiwoom-trdata_slot-0186 I DEBUG    > 예수금 : 4938746
[2020-06-13 18:29:40,345] I kiwoom.py | Kiwoom-msg_slot-0869 I DEBUG    > 스크린: 2000, 요청이름: 계좌평가잔고내역요청, tr코드: opw00018 --- [00Z310] 모의투자 조회가 완료되었습니다
[2020-06-13 18:29:40,347] I kiwoom.py | Kiwoom-trdata_slot-0201 I DEBUG    > 계좌평가잔고내역요청 싱글데이터 : 000000000052750 - -00000000000741 - -00000001.40
[2020-06-13 18:29:40,348] I kiwoom.py | Kiwoom-trdata_slot-0222 I DEBUG    > 종목코드: 196300 - 종목명: 애니젠                                   - 보유수량: 000000000000005 - 매입가:000000000010550 - 수익률: -00000001.40 - 현재가: 000000010500
[2020-06-13 18:29:40,349] I kiwoom.py | Kiwoom-trdata_slot-0246 I DEBUG    > sPreNext : 
[2020-06-13 18:29:45,414] I kiwoom.py | Kiwoom-msg_slot-0869 I DEBUG    > 스크린: , 요청이름: , tr코드:  ---  조회가 완료되었습니다.
[2020-06-13 22:37:27,516] I kiwoom.py | Kiwoom-msg_slot-0869 I DEBUG    > 스크린: 2000, 요청이름: 예수금상세현황요청, tr코드: opw00001 --- [00Z310] 모의투자 조회가 완료되었습니다
[2020-06-13 22:37:27,520] I kiwoom.py | Kiwoom-trdata_slot-0186 I DEBUG    > 예수금 : 4938746
[2020-06-13 22:37:27,589] I kiwoom.py | Kiwoom-msg_slot-0869 I DEBUG    > 스크린: 2000, 요청이름: 계좌평가잔고내역요청, tr코드: opw00018 --- [00Z310] 모의투자 조회가 완료되었습니다
[2020-06-13 22:37:27,595] I kiwoom.py | Kiwoom-trdata_slot-0201 I DEBUG    > 계좌평가잔고내역요청 싱글데이터 : 000000000052750 - -00000000000741 - -00000001.40
[2020-06-13 22:38:06,037] I kiwoom.py | Kiwoom-msg_slot-0869 I DEBUG    > 스크린: 2000, 요청이름: 예수금상세현황요청, tr코드: opw00001 --- [00Z310] 모의투자 조회가 완료되었습니다
[2020-06-13 22:38:06,040] I kiwoom.py | Kiwoom-trdata_slot-0186 I DEBUG    > 예수금 : 4938746
[2020-06-13 22:38:06,106] I kiwoom.py | Kiwoom-msg_slot-0869 I DEBUG    > 스크린: 2000, 요청이름: 계좌평가잔고내역요청, tr코드: opw00018 --- [00Z310] 모의투자 조회가 완료되었습니다
[2020-06-13 22:38:06,112] I kiwoom.py | Kiwoom-trdata_slot-0201 I DEBUG    > 계좌평가잔고내역요청 싱글데이터 : 000000000052750 - -00000000000741 - -00000001.40
[2020-06-13 22:38:06,113] I kiwoom.py | Kiwoom-trdata_slot-0222 I DEBUG    > 종목코드: 196300 - 종목명: 애니젠                                   - 보유수량: 000000000000005 - 매입가:000000000010550 - 수익률: -00000001.40 - 현재가: 000000010500
[2020-06-13 22:38:06,114] I kiwoom.py | Kiwoom-trdata_slot-0246 I DEBUG    > sPreNext : 
[2020-06-13 22:38:11,139] I kiwoom.py | Kiwoom-msg_slot-0869 I DEBUG    > 스크린: , 요청이름: , tr코드:  ---  조회가 완료되었습니다.
