[2020-06-11 09:00:57,094] I kiwoom.py | Kiwoom-msg_slot-0864 I DEBUG    > 스크린: 2000, 요청이름: 예수금상세현황요청, tr코드: opw00001 --- [00Z310] 모의투자 조회가 완료되었습니다
[2020-06-11 09:00:57,097] I kiwoom.py | Kiwoom-trdata_slot-0185 I DEBUG    > 예수금 : 5000000
[2020-06-11 09:00:57,165] I kiwoom.py | Kiwoom-msg_slot-0864 I DEBUG    > 스크린: 2000, 요청이름: 계좌평가잔고내역요청, tr코드: opw00018 --- [00Z310] 모의투자 조회가 완료되었습니다
[2020-06-11 09:00:57,167] I kiwoom.py | Kiwoom-trdata_slot-0200 I DEBUG    > 계좌평가잔고내역요청 싱글데이터 : 000000000000000 - 000000000000000 - 000000000.00
[2020-06-11 09:02:24,771] I kiwoom.py | Kiwoom-msg_slot-0864 I DEBUG    > 스크린: 2000, 요청이름: 예수금상세현황요청, tr코드: opw00001 --- [00Z310] 모의투자 조회가 완료되었습니다
[2020-06-11 09:02:24,773] I kiwoom.py | Kiwoom-trdata_slot-0185 I DEBUG    > 예수금 : 5000000
[2020-06-11 09:02:24,863] I kiwoom.py | Kiwoom-msg_slot-0864 I DEBUG    > 스크린: 2000, 요청이름: 계좌평가잔고내역요청, tr코드: opw00018 --- [00Z310] 모의투자 조회가 완료되었습니다
[2020-06-11 09:02:24,869] I kiwoom.py | Kiwoom-trdata_slot-0200 I DEBUG    > 계좌평가잔고내역요청 싱글데이터 : 000000000000000 - 000000000000000 - 000000000.00
[2020-06-11 09:02:48,043] I kiwoom.py | Kiwoom-msg_slot-0864 I DEBUG    > 스크린: 2000, 요청이름: 예수금상세현황요청, tr코드: opw00001 --- [00Z310] 모의투자 조회가 완료되었습니다
[2020-06-11 09:02:48,054] I kiwoom.py | Kiwoom-trdata_slot-0185 I DEBUG    > 예수금 : 5000000
[2020-06-11 09:02:48,144] I kiwoom.py | Kiwoom-msg_slot-0864 I DEBUG    > 스크린: 2000, 요청이름: 계좌평가잔고내역요청, tr코드: opw00018 --- [00Z310] 모의투자 조회가 완료되었습니다
[2020-06-11 09:02:48,153] I kiwoom.py | Kiwoom-trdata_slot-0200 I DEBUG    > 계좌평가잔고내역요청 싱글데이터 : 000000000000000 - 000000000000000 - 000000000.00
[2020-06-11 09:33:27,792] I kiwoom.py | Kiwoom-msg_slot-0864 I DEBUG    > 스크린: 2000, 요청이름: 예수금상세현황요청, tr코드: opw00001 --- [00Z310] 모의투자 조회가 완료되었습니다
[2020-06-11 09:33:27,795] I kiwoom.py | Kiwoom-trdata_slot-0185 I DEBUG    > 예수금 : 5000000
[2020-06-11 09:33:27,863] I kiwoom.py | Kiwoom-msg_slot-0864 I DEBUG    > 스크린: 2000, 요청이름: 계좌평가잔고내역요청, tr코드: opw00018 --- [00Z310] 모의투자 조회가 완료되었습니다
[2020-06-11 09:33:27,865] I kiwoom.py | Kiwoom-trdata_slot-0200 I DEBUG    > 계좌평가잔고내역요청 싱글데이터 : 000000000000000 - 000000000000000 - 000000000.00
[2020-06-11 18:48:34,249] I kiwoom.py | Kiwoom-msg_slot-0864 I DEBUG    > 스크린: 2000, 요청이름: 예수금상세현황요청, tr코드: opw00001 --- [00Z310] 모의투자 조회가 완료되었습니다
[2020-06-11 18:48:34,253] I kiwoom.py | Kiwoom-trdata_slot-0185 I DEBUG    > 예수금 : 5000000
[2020-06-11 18:48:34,665] I kiwoom.py | Kiwoom-msg_slot-0864 I DEBUG    > 스크린: 2000, 요청이름: 계좌평가잔고내역요청, tr코드: opw00018 --- [00Z310] 모의투자 조회가 완료되었습니다
[2020-06-11 18:48:34,668] I kiwoom.py | Kiwoom-trdata_slot-0200 I DEBUG    > 계좌평가잔고내역요청 싱글데이터 : 000000000000000 - 000000000000000 - 000000000.00
[2020-06-11 18:50:34,535] I kiwoom.py | Kiwoom-msg_slot-0864 I DEBUG    > 스크린: 2000, 요청이름: 예수금상세현황요청, tr코드: opw00001 --- [00Z310] 모의투자 조회가 완료되었습니다
[2020-06-11 18:50:34,559] I kiwoom.py | Kiwoom-trdata_slot-0185 I DEBUG    > 예수금 : 5000000
[2020-06-11 18:50:34,936] I kiwoom.py | Kiwoom-msg_slot-0864 I DEBUG    > 스크린: 2000, 요청이름: 계좌평가잔고내역요청, tr코드: opw00018 --- [00Z310] 모의투자 조회가 완료되었습니다
[2020-06-11 18:50:34,940] I kiwoom.py | Kiwoom-trdata_slot-0200 I DEBUG    > 계좌평가잔고내역요청 싱글데이터 : 000000000000000 - 000000000000000 - 000000000.00
[2020-06-11 18:52:05,645] I kiwoom.py | Kiwoom-msg_slot-0865 I DEBUG    > 스크린: 2000, 요청이름: 예수금상세현황요청, tr코드: opw00001 --- [00Z310] 모의투자 조회가 완료되었습니다
[2020-06-11 18:52:05,649] I kiwoom.py | Kiwoom-trdata_slot-0186 I DEBUG    > 예수금 : 5000000
[2020-06-11 18:52:05,901] I kiwoom.py | Kiwoom-msg_slot-0865 I DEBUG    > 스크린: 2000, 요청이름: 계좌평가잔고내역요청, tr코드: opw00018 --- [00Z310] 모의투자 조회가 완료되었습니다
[2020-06-11 18:52:05,909] I kiwoom.py | Kiwoom-trdata_slot-0201 I DEBUG    > 계좌평가잔고내역요청 싱글데이터 : 000000000000000 - 000000000000000 - 000000000.00
[2020-06-11 18:53:40,365] I kiwoom.py | Kiwoom-msg_slot-0866 I DEBUG    > 스크린: 2000, 요청이름: 예수금상세현황요청, tr코드: opw00001 --- [00Z310] 모의투자 조회가 완료되었습니다
[2020-06-11 18:53:40,367] I kiwoom.py | Kiwoom-trdata_slot-0187 I DEBUG    > 예수금 : 5000000
[2020-06-11 18:53:40,783] I kiwoom.py | Kiwoom-msg_slot-0866 I DEBUG    > 스크린: , 요청이름: , tr코드:  ---  조회가 완료되었습니다.
[2020-06-11 18:54:49,118] I kiwoom.py | Kiwoom-msg_slot-0865 I DEBUG    > 스크린: 2000, 요청이름: 예수금상세현황요청, tr코드: opw00001 --- [00Z310] 모의투자 조회가 완료되었습니다
[2020-06-11 18:54:49,121] I kiwoom.py | Kiwoom-trdata_slot-0186 I DEBUG    > 예수금 : 5000000
[2020-06-11 18:54:49,421] I kiwoom.py | Kiwoom-msg_slot-0865 I DEBUG    > 스크린: 2000, 요청이름: 계좌평가잔고내역요청, tr코드: opw00018 --- [00Z310] 모의투자 조회가 완료되었습니다
[2020-06-11 18:54:49,424] I kiwoom.py | Kiwoom-trdata_slot-0201 I DEBUG    > 계좌평가잔고내역요청 싱글데이터 : 000000000000000 - 000000000000000 - 000000000.00
[2020-06-11 18:54:54,569] I kiwoom.py | Kiwoom-msg_slot-0865 I DEBUG    > 스크린: , 요청이름: , tr코드:  ---  조회가 완료되었습니다.
[2020-06-11 19:00:15,273] I kiwoom.py | Kiwoom-msg_slot-0865 I DEBUG    > 스크린: 2000, 요청이름: 예수금상세현황요청, tr코드: opw00001 --- [00Z310] 모의투자 조회가 완료되었습니다
[2020-06-11 19:00:15,277] I kiwoom.py | Kiwoom-trdata_slot-0186 I DEBUG    > 예수금 : 5000000
[2020-06-11 19:00:15,581] I kiwoom.py | Kiwoom-msg_slot-0865 I DEBUG    > 스크린: 2000, 요청이름: 계좌평가잔고내역요청, tr코드: opw00018 --- [00Z310] 모의투자 조회가 완료되었습니다
[2020-06-11 19:00:15,587] I kiwoom.py | Kiwoom-trdata_slot-0201 I DEBUG    > 계좌평가잔고내역요청 싱글데이터 : 000000000000000 - 000000000000000 - 000000000.00
[2020-06-11 19:00:21,024] I kiwoom.py | Kiwoom-msg_slot-0865 I DEBUG    > 스크린: , 요청이름: , tr코드:  ---  조회가 완료되었습니다.
[2020-06-11 19:02:53,123] I kiwoom.py | Kiwoom-msg_slot-0865 I DEBUG    > 스크린: 2000, 요청이름: 예수금상세현황요청, tr코드: opw00001 --- [00Z310] 모의투자 조회가 완료되었습니다
[2020-06-11 19:02:53,141] I kiwoom.py | Kiwoom-trdata_slot-0186 I DEBUG    > 예수금 : 5000000
[2020-06-11 19:02:53,792] I kiwoom.py | Kiwoom-msg_slot-0865 I DEBUG    > 스크린: 2000, 요청이름: 계좌평가잔고내역요청, tr코드: opw00018 --- [00Z310] 모의투자 조회가 완료되었습니다
[2020-06-11 19:02:53,798] I kiwoom.py | Kiwoom-trdata_slot-0201 I DEBUG    > 계좌평가잔고내역요청 싱글데이터 : 000000000000000 - 000000000000000 - 000000000.00
[2020-06-11 21:23:09,864] I kiwoom.py | Kiwoom-msg_slot-0865 I DEBUG    > 스크린: 2000, 요청이름: 예수금상세현황요청, tr코드: opw00001 --- [00Z310] 모의투자 조회가 완료되었습니다
[2020-06-11 21:23:09,883] I kiwoom.py | Kiwoom-trdata_slot-0186 I DEBUG    > 예수금 : 5000000
[2020-06-11 21:23:10,232] I kiwoom.py | Kiwoom-msg_slot-0865 I DEBUG    > 스크린: 2000, 요청이름: 계좌평가잔고내역요청, tr코드: opw00018 --- [00Z310] 모의투자 조회가 완료되었습니다
[2020-06-11 21:23:10,247] I kiwoom.py | Kiwoom-trdata_slot-0201 I DEBUG    > 계좌평가잔고내역요청 싱글데이터 : 000000000000000 - 000000000000000 - 000000000.00
[2020-06-11 21:23:15,660] I kiwoom.py | Kiwoom-msg_slot-0865 I DEBUG    > 스크린: , 요청이름: , tr코드:  ---  조회가 완료되었습니다.
[2020-06-11 23:29:06,437] I kiwoom.py | Kiwoom-msg_slot-0865 I DEBUG    > 스크린: 2000, 요청이름: 예수금상세현황요청, tr코드: opw00001 --- [00Z310] 모의투자 조회가 완료되었습니다
[2020-06-11 23:29:06,440] I kiwoom.py | Kiwoom-trdata_slot-0186 I DEBUG    > 예수금 : 5000000
[2020-06-11 23:29:06,508] I kiwoom.py | Kiwoom-msg_slot-0865 I DEBUG    > 스크린: 2000, 요청이름: 계좌평가잔고내역요청, tr코드: opw00018 --- [00Z310] 모의투자 조회가 완료되었습니다
[2020-06-11 23:29:06,511] I kiwoom.py | Kiwoom-trdata_slot-0201 I DEBUG    > 계좌평가잔고내역요청 싱글데이터 : 000000000000000 - 000000000000000 - 000000000.00
[2020-06-11 23:29:11,555] I kiwoom.py | Kiwoom-msg_slot-0865 I DEBUG    > 스크린: , 요청이름: , tr코드:  ---  조회가 완료되었습니다.
[2020-06-11 23:36:35,071] I kiwoom.py | Kiwoom-msg_slot-0869 I DEBUG    > 스크린: 2000, 요청이름: 예수금상세현황요청, tr코드: opw00001 --- [00Z310] 모의투자 조회가 완료되었습니다
[2020-06-11 23:36:35,075] I kiwoom.py | Kiwoom-trdata_slot-0186 I DEBUG    > 예수금 : 5000000
[2020-06-11 23:36:35,143] I kiwoom.py | Kiwoom-msg_slot-0869 I DEBUG    > 스크린: 2000, 요청이름: 계좌평가잔고내역요청, tr코드: opw00018 --- [00Z310] 모의투자 조회가 완료되었습니다
[2020-06-11 23:36:35,146] I kiwoom.py | Kiwoom-trdata_slot-0201 I DEBUG    > 계좌평가잔고내역요청 싱글데이터 : 000000000000000 - 000000000000000 - 000000000.00
[2020-06-11 23:36:40,167] I kiwoom.py | Kiwoom-msg_slot-0869 I DEBUG    > 스크린: , 요청이름: , tr코드:  ---  조회가 완료되었습니다.
[2020-06-11 23:37:20,234] I kiwoom.py | Kiwoom-msg_slot-0869 I DEBUG    > 스크린: 2000, 요청이름: 예수금상세현황요청, tr코드: opw00001 --- [00Z310] 모의투자 조회가 완료되었습니다
[2020-06-11 23:37:20,237] I kiwoom.py | Kiwoom-trdata_slot-0186 I DEBUG    > 예수금 : 5000000
[2020-06-11 23:37:20,305] I kiwoom.py | Kiwoom-msg_slot-0869 I DEBUG    > 스크린: 2000, 요청이름: 계좌평가잔고내역요청, tr코드: opw00018 --- [00Z310] 모의투자 조회가 완료되었습니다
[2020-06-11 23:37:20,308] I kiwoom.py | Kiwoom-trdata_slot-0201 I DEBUG    > 계좌평가잔고내역요청 싱글데이터 : 000000000000000 - 000000000000000 - 000000000.00
[2020-06-11 23:37:25,375] I kiwoom.py | Kiwoom-msg_slot-0869 I DEBUG    > 스크린: , 요청이름: , tr코드:  ---  조회가 완료되었습니다.
[2020-06-11 23:38:04,262] I kiwoom.py | Kiwoom-msg_slot-0869 I DEBUG    > 스크린: 2000, 요청이름: 예수금상세현황요청, tr코드: opw00001 --- [00Z310] 모의투자 조회가 완료되었습니다
[2020-06-11 23:38:04,280] I kiwoom.py | Kiwoom-trdata_slot-0186 I DEBUG    > 예수금 : 5000000
[2020-06-11 23:38:04,349] I kiwoom.py | Kiwoom-msg_slot-0869 I DEBUG    > 스크린: 2000, 요청이름: 계좌평가잔고내역요청, tr코드: opw00018 --- [00Z310] 모의투자 조회가 완료되었습니다
[2020-06-11 23:38:04,353] I kiwoom.py | Kiwoom-trdata_slot-0201 I DEBUG    > 계좌평가잔고내역요청 싱글데이터 : 000000000000000 - 000000000000000 - 000000000.00
[2020-06-11 23:38:50,638] I kiwoom.py | Kiwoom-msg_slot-0869 I DEBUG    > 스크린: 2000, 요청이름: 예수금상세현황요청, tr코드: opw00001 --- [00Z310] 모의투자 조회가 완료되었습니다
[2020-06-11 23:38:50,652] I kiwoom.py | Kiwoom-trdata_slot-0186 I DEBUG    > 예수금 : 5000000
[2020-06-11 23:38:50,721] I kiwoom.py | Kiwoom-msg_slot-0869 I DEBUG    > 스크린: 2000, 요청이름: 계좌평가잔고내역요청, tr코드: opw00018 --- [00Z310] 모의투자 조회가 완료되었습니다
[2020-06-11 23:38:50,725] I kiwoom.py | Kiwoom-trdata_slot-0201 I DEBUG    > 계좌평가잔고내역요청 싱글데이터 : 000000000000000 - 000000000000000 - 000000000.00
[2020-06-11 23:39:43,884] I kiwoom.py | Kiwoom-msg_slot-0869 I DEBUG    > 스크린: 2000, 요청이름: 예수금상세현황요청, tr코드: opw00001 --- [00Z310] 모의투자 조회가 완료되었습니다
[2020-06-11 23:39:43,888] I kiwoom.py | Kiwoom-trdata_slot-0186 I DEBUG    > 예수금 : 5000000
[2020-06-11 23:39:43,955] I kiwoom.py | Kiwoom-msg_slot-0869 I DEBUG    > 스크린: 2000, 요청이름: 계좌평가잔고내역요청, tr코드: opw00018 --- [00Z310] 모의투자 조회가 완료되었습니다
[2020-06-11 23:39:43,958] I kiwoom.py | Kiwoom-trdata_slot-0201 I DEBUG    > 계좌평가잔고내역요청 싱글데이터 : 000000000000000 - 000000000000000 - 000000000.00
[2020-06-11 23:39:49,005] I kiwoom.py | Kiwoom-msg_slot-0869 I DEBUG    > 스크린: , 요청이름: , tr코드:  ---  조회가 완료되었습니다.
[2020-06-11 23:41:19,820] I kiwoom.py | Kiwoom-msg_slot-0869 I DEBUG    > 스크린: 2000, 요청이름: 예수금상세현황요청, tr코드: opw00001 --- [00Z310] 모의투자 조회가 완료되었습니다
[2020-06-11 23:41:19,825] I kiwoom.py | Kiwoom-trdata_slot-0186 I DEBUG    > 예수금 : 5000000
[2020-06-11 23:41:19,893] I kiwoom.py | Kiwoom-msg_slot-0869 I DEBUG    > 스크린: 2000, 요청이름: 계좌평가잔고내역요청, tr코드: opw00018 --- [00Z310] 모의투자 조회가 완료되었습니다
[2020-06-11 23:41:19,896] I kiwoom.py | Kiwoom-trdata_slot-0201 I DEBUG    > 계좌평가잔고내역요청 싱글데이터 : 000000000000000 - 000000000000000 - 000000000.00
[2020-06-11 23:41:24,919] I kiwoom.py | Kiwoom-msg_slot-0869 I DEBUG    > 스크린: , 요청이름: , tr코드:  ---  조회가 완료되었습니다.
