[2020-06-09 09:13:38,049] I kiwoom.py | Kiwoom-msg_slot-0819 I DEBUG    > 스크린: 2000, 요청이름: 예수금상세현황요청, tr코드: opw00001 --- [00Z310] 모의투자 조회가 완료되었습니다
[2020-06-09 09:13:38,054] I kiwoom.py | Kiwoom-trdata_slot-0174 I DEBUG    > 예수금 : 8620452
[2020-06-09 09:13:38,133] I kiwoom.py | Kiwoom-msg_slot-0819 I DEBUG    > 스크린: 2000, 요청이름: 계좌평가잔고내역요청, tr코드: opw00018 --- [00Z310] 모의투자 조회가 완료되었습니다
[2020-06-09 09:13:38,136] I kiwoom.py | Kiwoom-trdata_slot-0188 I DEBUG    > 계좌평가잔고내역요청 싱글데이터 : 000000001498395 - 000000000007262 - 000000000.48
[2020-06-09 09:13:38,137] I kiwoom.py | Kiwoom-trdata_slot-0208 I DEBUG    > 종목코드: 001340 - 종목명: 백광산업                                 - 보유수량: 000000000000037 - 매입가:000000000002835 - 수익률: -00000000.94 - 현재가: 000000002835
[2020-06-09 09:13:38,137] I kiwoom.py | Kiwoom-trdata_slot-0232 I DEBUG    > sPreNext : 
[2020-06-09 09:13:38,138] I kiwoom.py | Kiwoom-trdata_slot-0208 I DEBUG    > 종목코드: 005930 - 종목명: 삼성전자                                 - 보유수량: 000000000000001 - 매입가:000000000056400 - 수익률: -00000001.63 - 현재가: 000000056000
[2020-06-09 09:13:38,138] I kiwoom.py | Kiwoom-trdata_slot-0232 I DEBUG    > sPreNext : 
[2020-06-09 09:13:38,139] I kiwoom.py | Kiwoom-trdata_slot-0208 I DEBUG    > 종목코드: 035420 - 종목명: NAVER                                    - 보유수량: 000000000000002 - 매입가:000000000233250 - 수익률: 000000002.35 - 현재가: 000000241000
[2020-06-09 09:13:38,140] I kiwoom.py | Kiwoom-trdata_slot-0232 I DEBUG    > sPreNext : 
[2020-06-09 09:13:38,140] I kiwoom.py | Kiwoom-trdata_slot-0208 I DEBUG    > 종목코드: 035720 - 종목명: 카카오                                   - 보유수량: 000000000000002 - 매입가:000000000259000 - 수익률: -00000001.52 - 현재가: 000000257500
[2020-06-09 09:13:38,141] I kiwoom.py | Kiwoom-trdata_slot-0232 I DEBUG    > sPreNext : 
[2020-06-09 09:13:38,142] I kiwoom.py | Kiwoom-trdata_slot-0208 I DEBUG    > 종목코드: 060720 - 종목명: KH바텍                                   - 보유수량: 000000000000008 - 매입가:000000000023100 - 수익률: 000000001.85 - 현재가: 000000023750
[2020-06-09 09:13:38,143] I kiwoom.py | Kiwoom-trdata_slot-0232 I DEBUG    > sPreNext : 
[2020-06-09 09:13:38,144] I kiwoom.py | Kiwoom-trdata_slot-0208 I DEBUG    > 종목코드: 078070 - 종목명: 유비쿼스홀딩스                           - 보유수량: 000000000000002 - 매입가:000000000036650 - 수익률: 000000002.46 - 현재가: 000000037900
[2020-06-09 09:13:38,144] I kiwoom.py | Kiwoom-trdata_slot-0232 I DEBUG    > sPreNext : 
[2020-06-09 09:13:38,145] I kiwoom.py | Kiwoom-trdata_slot-0208 I DEBUG    > 종목코드: 089010 - 종목명: 켐트로닉스                               - 보유수량: 000000000000007 - 매입가:000000000013500 - 수익률: 000000000.90 - 현재가: 000000013750
[2020-06-09 09:13:38,145] I kiwoom.py | Kiwoom-trdata_slot-0232 I DEBUG    > sPreNext : 
[2020-06-09 09:13:43,191] I kiwoom.py | Kiwoom-msg_slot-0819 I DEBUG    > 스크린: , 요청이름: , tr코드:  ---  조회가 완료되었습니다.
[2020-06-09 09:15:50,866] I kiwoom.py | Kiwoom-realdata_slot-0634 I DEBUG    > 매도주문 전달 성공
[2020-06-09 09:15:50,869] I kiwoom.py | Kiwoom-realdata_slot-0657 I DEBUG    > 매수조건 통과 060720 
[2020-06-09 09:15:50,883] I kiwoom.py | Kiwoom-realdata_slot-0668 I DEBUG    > 매수주문 전달 성공
[2020-06-09 09:15:50,886] I kiwoom.py | Kiwoom-realdata_slot-0657 I DEBUG    > 매수조건 통과 060720 
[2020-06-09 09:15:50,901] I kiwoom.py | Kiwoom-realdata_slot-0668 I DEBUG    > 매수주문 전달 성공
[2020-06-09 09:15:50,903] I kiwoom.py | Kiwoom-realdata_slot-0657 I DEBUG    > 매수조건 통과 060720 
[2020-06-09 09:15:50,916] I kiwoom.py | Kiwoom-realdata_slot-0668 I DEBUG    > 매수주문 전달 성공
[2020-06-09 09:15:50,918] I kiwoom.py | Kiwoom-realdata_slot-0657 I DEBUG    > 매수조건 통과 060720 
[2020-06-09 09:15:50,925] I kiwoom.py | Kiwoom-realdata_slot-0668 I DEBUG    > 매수주문 전달 성공
[2020-06-09 09:15:50,925] I kiwoom.py | Kiwoom-realdata_slot-0657 I DEBUG    > 매수조건 통과 060720 
[2020-06-09 09:15:50,930] I kiwoom.py | Kiwoom-realdata_slot-0670 I DEBUG    > 매수주문 전달 실패
[2020-06-09 09:15:50,931] I kiwoom.py | Kiwoom-realdata_slot-0657 I DEBUG    > 매수조건 통과 060720 
[2020-06-09 09:15:50,936] I kiwoom.py | Kiwoom-realdata_slot-0670 I DEBUG    > 매수주문 전달 실패
[2020-06-09 09:15:50,937] I kiwoom.py | Kiwoom-realdata_slot-0657 I DEBUG    > 매수조건 통과 060720 
[2020-06-09 09:15:50,942] I kiwoom.py | Kiwoom-realdata_slot-0670 I DEBUG    > 매수주문 전달 실패
[2020-06-09 09:15:50,943] I kiwoom.py | Kiwoom-realdata_slot-0657 I DEBUG    > 매수조건 통과 060720 
[2020-06-09 09:15:50,948] I kiwoom.py | Kiwoom-realdata_slot-0670 I DEBUG    > 매수주문 전달 실패
[2020-06-09 09:15:50,949] I kiwoom.py | Kiwoom-msg_slot-0819 I DEBUG    > 스크린: 6001, 요청이름: 신규매도, tr코드: KOA_NORMAL_SELL_KQ_ORD --- [00Z113] 모의투자 정상처리 되었습니다
[2020-06-09 09:15:50,957] I kiwoom.py | Kiwoom-realdata_slot-0657 I DEBUG    > 매수조건 통과 060720 
[2020-06-09 09:15:50,962] I kiwoom.py | Kiwoom-realdata_slot-0670 I DEBUG    > 매수주문 전달 실패
[2020-06-09 09:15:50,963] I kiwoom.py | Kiwoom-realdata_slot-0657 I DEBUG    > 매수조건 통과 060720 
[2020-06-09 09:15:50,967] I kiwoom.py | Kiwoom-realdata_slot-0670 I DEBUG    > 매수주문 전달 실패
[2020-06-09 09:15:50,970] I kiwoom.py | Kiwoom-chejan_slot-0813 I DEBUG    >  진도확인 def chejan_slot 마지막
[2020-06-09 09:15:50,971] I kiwoom.py | Kiwoom-realdata_slot-0657 I DEBUG    > 매수조건 통과 060720 
[2020-06-09 09:15:50,975] I kiwoom.py | Kiwoom-realdata_slot-0670 I DEBUG    > 매수주문 전달 실패
[2020-06-09 09:15:50,976] I kiwoom.py | Kiwoom-realdata_slot-0657 I DEBUG    > 매수조건 통과 060720 
[2020-06-09 09:15:50,979] I kiwoom.py | Kiwoom-realdata_slot-0670 I DEBUG    > 매수주문 전달 실패
[2020-06-09 09:15:50,980] I kiwoom.py | Kiwoom-realdata_slot-0657 I DEBUG    > 매수조건 통과 060720 
[2020-06-09 09:15:50,984] I kiwoom.py | Kiwoom-realdata_slot-0670 I DEBUG    > 매수주문 전달 실패
[2020-06-09 09:15:50,984] I kiwoom.py | Kiwoom-msg_slot-0819 I DEBUG    > 스크린: 6001, 요청이름: 신규매수, tr코드: KOA_NORMAL_BUY_KQ_ORD --- [00Z112] 모의투자 정상처리 되었습니다
[2020-06-09 09:15:50,995] I kiwoom.py | Kiwoom-chejan_slot-0813 I DEBUG    >  진도확인 def chejan_slot 마지막
[2020-06-09 09:15:51,002] I kiwoom.py | Kiwoom-chejan_slot-0813 I DEBUG    >  진도확인 def chejan_slot 마지막
[2020-06-09 09:15:51,004] I kiwoom.py | Kiwoom-realdata_slot-0690 I DEBUG    > 매수취소 전달 실패
[2020-06-09 09:15:51,007] I kiwoom.py | Kiwoom-realdata_slot-0690 I DEBUG    > 매수취소 전달 실패
[2020-06-09 09:15:51,010] I kiwoom.py | Kiwoom-realdata_slot-0690 I DEBUG    > 매수취소 전달 실패
[2020-06-09 09:15:51,013] I kiwoom.py | Kiwoom-realdata_slot-0690 I DEBUG    > 매수취소 전달 실패
[2020-06-09 09:15:51,013] I kiwoom.py | Kiwoom-msg_slot-0819 I DEBUG    > 스크린: 6001, 요청이름: 신규매수, tr코드: KOA_NORMAL_BUY_KQ_ORD --- [00Z112] 모의투자 정상처리 되었습니다
[2020-06-09 09:15:51,019] I kiwoom.py | Kiwoom-realdata_slot-0690 I DEBUG    > 매수취소 전달 실패
[2020-06-09 09:15:51,022] I kiwoom.py | Kiwoom-realdata_slot-0690 I DEBUG    > 매수취소 전달 실패
[2020-06-09 09:15:51,025] I kiwoom.py | Kiwoom-realdata_slot-0690 I DEBUG    > 매수취소 전달 실패
[2020-06-09 09:15:51,025] I kiwoom.py | Kiwoom-msg_slot-0819 I DEBUG    > 스크린: 6001, 요청이름: 신규매수, tr코드: KOA_NORMAL_BUY_KQ_ORD --- [00Z112] 모의투자 정상처리 되었습니다
[2020-06-09 09:15:51,030] I kiwoom.py | Kiwoom-chejan_slot-0813 I DEBUG    >  진도확인 def chejan_slot 마지막
[2020-06-09 09:15:51,030] I kiwoom.py | Kiwoom-msg_slot-0819 I DEBUG    > 스크린: 6001, 요청이름: 신규매수, tr코드: KOA_NORMAL_BUY_KQ_ORD --- [00Z112] 모의투자 정상처리 되었습니다
[2020-06-09 09:15:51,035] I kiwoom.py | Kiwoom-chejan_slot-0813 I DEBUG    >  진도확인 def chejan_slot 마지막
[2020-06-09 09:15:51,038] I kiwoom.py | Kiwoom-realdata_slot-0690 I DEBUG    > 매수취소 전달 실패
[2020-06-09 09:15:51,041] I kiwoom.py | Kiwoom-realdata_slot-0690 I DEBUG    > 매수취소 전달 실패
[2020-06-09 09:15:51,043] I kiwoom.py | Kiwoom-realdata_slot-0690 I DEBUG    > 매수취소 전달 실패
[2020-06-09 09:15:51,046] I kiwoom.py | Kiwoom-realdata_slot-0690 I DEBUG    > 매수취소 전달 실패
[2020-06-09 09:15:51,048] I kiwoom.py | Kiwoom-realdata_slot-0690 I DEBUG    > 매수취소 전달 실패
[2020-06-09 09:15:51,050] I kiwoom.py | Kiwoom-realdata_slot-0690 I DEBUG    > 매수취소 전달 실패
[2020-06-09 09:15:51,053] I kiwoom.py | Kiwoom-realdata_slot-0690 I DEBUG    > 매수취소 전달 실패
[2020-06-09 09:15:51,056] I kiwoom.py | Kiwoom-realdata_slot-0690 I DEBUG    > 매수취소 전달 실패
[2020-06-09 09:15:51,058] I kiwoom.py | Kiwoom-realdata_slot-0690 I DEBUG    > 매수취소 전달 실패
[2020-06-09 09:15:51,061] I kiwoom.py | Kiwoom-realdata_slot-0690 I DEBUG    > 매수취소 전달 실패
[2020-06-09 09:15:51,063] I kiwoom.py | Kiwoom-realdata_slot-0690 I DEBUG    > 매수취소 전달 실패
[2020-06-09 09:15:51,065] I kiwoom.py | Kiwoom-realdata_slot-0690 I DEBUG    > 매수취소 전달 실패
[2020-06-09 09:15:51,068] I kiwoom.py | Kiwoom-realdata_slot-0690 I DEBUG    > 매수취소 전달 실패
[2020-06-09 09:15:51,070] I kiwoom.py | Kiwoom-realdata_slot-0690 I DEBUG    > 매수취소 전달 실패
[2020-06-09 09:15:51,073] I kiwoom.py | Kiwoom-realdata_slot-0690 I DEBUG    > 매수취소 전달 실패
[2020-06-09 09:15:51,075] I kiwoom.py | Kiwoom-chejan_slot-0813 I DEBUG    >  진도확인 def chejan_slot 마지막
[2020-06-09 09:15:51,079] I kiwoom.py | Kiwoom-realdata_slot-0690 I DEBUG    > 매수취소 전달 실패
[2020-06-09 09:15:51,081] I kiwoom.py | Kiwoom-realdata_slot-0690 I DEBUG    > 매수취소 전달 실패
[2020-06-09 09:15:51,083] I kiwoom.py | Kiwoom-realdata_slot-0690 I DEBUG    > 매수취소 전달 실패
[2020-06-09 09:15:51,086] I kiwoom.py | Kiwoom-realdata_slot-0690 I DEBUG    > 매수취소 전달 실패
[2020-06-09 09:15:51,089] I kiwoom.py | Kiwoom-realdata_slot-0690 I DEBUG    > 매수취소 전달 실패
[2020-06-09 09:15:51,091] I kiwoom.py | Kiwoom-realdata_slot-0690 I DEBUG    > 매수취소 전달 실패
[2020-06-09 09:15:51,098] I kiwoom.py | Kiwoom-realdata_slot-0690 I DEBUG    > 매수취소 전달 실패
[2020-06-09 09:15:51,101] I kiwoom.py | Kiwoom-realdata_slot-0690 I DEBUG    > 매수취소 전달 실패
[2020-06-09 09:15:51,104] I kiwoom.py | Kiwoom-realdata_slot-0690 I DEBUG    > 매수취소 전달 실패
[2020-06-09 09:15:51,150] I kiwoom.py | Kiwoom-realdata_slot-0690 I DEBUG    > 매수취소 전달 실패
[2020-06-09 09:15:51,153] I kiwoom.py | Kiwoom-realdata_slot-0690 I DEBUG    > 매수취소 전달 실패
[2020-06-09 09:15:51,157] I kiwoom.py | Kiwoom-realdata_slot-0690 I DEBUG    > 매수취소 전달 실패
[2020-06-09 09:15:51,161] I kiwoom.py | Kiwoom-realdata_slot-0690 I DEBUG    > 매수취소 전달 실패
[2020-06-09 09:15:51,164] I kiwoom.py | Kiwoom-realdata_slot-0690 I DEBUG    > 매수취소 전달 실패
[2020-06-09 09:15:51,168] I kiwoom.py | Kiwoom-realdata_slot-0690 I DEBUG    > 매수취소 전달 실패
[2020-06-09 09:15:51,172] I kiwoom.py | Kiwoom-realdata_slot-0690 I DEBUG    > 매수취소 전달 실패
[2020-06-09 09:15:51,176] I kiwoom.py | Kiwoom-realdata_slot-0690 I DEBUG    > 매수취소 전달 실패
[2020-06-09 09:15:51,179] I kiwoom.py | Kiwoom-realdata_slot-0690 I DEBUG    > 매수취소 전달 실패
[2020-06-09 09:15:51,184] I kiwoom.py | Kiwoom-realdata_slot-0690 I DEBUG    > 매수취소 전달 실패
[2020-06-09 09:15:51,189] I kiwoom.py | Kiwoom-realdata_slot-0690 I DEBUG    > 매수취소 전달 실패
[2020-06-09 09:15:51,193] I kiwoom.py | Kiwoom-realdata_slot-0690 I DEBUG    > 매수취소 전달 실패
[2020-06-09 09:15:51,197] I kiwoom.py | Kiwoom-realdata_slot-0690 I DEBUG    > 매수취소 전달 실패
[2020-06-09 09:15:51,202] I kiwoom.py | Kiwoom-realdata_slot-0690 I DEBUG    > 매수취소 전달 실패
[2020-06-09 09:15:51,206] I kiwoom.py | Kiwoom-realdata_slot-0690 I DEBUG    > 매수취소 전달 실패
[2020-06-09 09:15:51,209] I kiwoom.py | Kiwoom-realdata_slot-0690 I DEBUG    > 매수취소 전달 실패
[2020-06-09 09:15:51,211] I kiwoom.py | Kiwoom-realdata_slot-0690 I DEBUG    > 매수취소 전달 실패
[2020-06-09 09:15:51,214] I kiwoom.py | Kiwoom-realdata_slot-0690 I DEBUG    > 매수취소 전달 실패
[2020-06-09 09:15:51,217] I kiwoom.py | Kiwoom-realdata_slot-0690 I DEBUG    > 매수취소 전달 실패
[2020-06-09 09:15:51,251] I kiwoom.py | Kiwoom-chejan_slot-0813 I DEBUG    >  진도확인 def chejan_slot 마지막
[2020-06-09 09:15:51,253] I kiwoom.py | Kiwoom-chejan_slot-0813 I DEBUG    >  진도확인 def chejan_slot 마지막
[2020-06-09 09:15:51,255] I kiwoom.py | Kiwoom-chejan_slot-0813 I DEBUG    >  진도확인 def chejan_slot 마지막
[2020-06-09 09:15:51,256] I kiwoom.py | Kiwoom-chejan_slot-0813 I DEBUG    >  진도확인 def chejan_slot 마지막
[2020-06-09 09:15:51,258] I kiwoom.py | Kiwoom-chejan_slot-0813 I DEBUG    >  진도확인 def chejan_slot 마지막
[2020-06-09 09:15:51,259] I kiwoom.py | Kiwoom-chejan_slot-0813 I DEBUG    >  진도확인 def chejan_slot 마지막
[2020-06-09 09:15:51,261] I kiwoom.py | Kiwoom-chejan_slot-0813 I DEBUG    >  진도확인 def chejan_slot 마지막
[2020-06-09 09:15:51,262] I kiwoom.py | Kiwoom-chejan_slot-0813 I DEBUG    >  진도확인 def chejan_slot 마지막
[2020-06-09 09:15:51,266] I kiwoom.py | Kiwoom-realdata_slot-0690 I DEBUG    > 매수취소 전달 실패
[2020-06-09 09:15:51,357] I kiwoom.py | Kiwoom-chejan_slot-0813 I DEBUG    >  진도확인 def chejan_slot 마지막
[2020-06-09 09:15:51,360] I kiwoom.py | Kiwoom-chejan_slot-0813 I DEBUG    >  진도확인 def chejan_slot 마지막
