[2020-06-03 21:15:05,169] I kiwoom.py | Kiwoom-msg_slot-0807 I DEBUG    > 스크린: 2000, 요청이름: 예수금상세현황요청, tr코드: opw00001 --- [00Z310] 모의투자 조회가 완료되었습니다
[2020-06-03 21:15:05,247] I kiwoom.py | Kiwoom-msg_slot-0807 I DEBUG    > 스크린: 2000, 요청이름: 계좌평가잔고내역요청, tr코드: opw00018 --- [00Z310] 모의투자 조회가 완료되었습니다
[2020-06-03 21:15:10,257] I kiwoom.py | Kiwoom-msg_slot-0807 I DEBUG    > 스크린: , 요청이름: , tr코드:  ---  조회가 완료되었습니다.
[2020-06-03 21:15:43,489] I kiwoom.py | Kiwoom-msg_slot-0807 I DEBUG    > 스크린: 2000, 요청이름: 예수금상세현황요청, tr코드: opw00001 --- [00Z310] 모의투자 조회가 완료되었습니다
[2020-06-03 21:15:43,567] I kiwoom.py | Kiwoom-msg_slot-0807 I DEBUG    > 스크린: 2000, 요청이름: 계좌평가잔고내역요청, tr코드: opw00018 --- [00Z310] 모의투자 조회가 완료되었습니다
[2020-06-03 21:15:48,629] I kiwoom.py | Kiwoom-msg_slot-0807 I DEBUG    > 스크린: , 요청이름: , tr코드:  ---  조회가 완료되었습니다.
[2020-06-03 21:16:32,141] I kiwoom.py | Kiwoom-msg_slot-0807 I DEBUG    > 스크린: 2000, 요청이름: 예수금상세현황요청, tr코드: opw00001 --- [00Z310] 모의투자 조회가 완료되었습니다
[2020-06-03 21:16:32,173] I kiwoom.py | Kiwoom-msg_slot-0807 I DEBUG    > 스크린: 2000, 요청이름: 계좌평가잔고내역요청, tr코드: opw00018 --- [00Z310] 모의투자 조회가 완료되었습니다
[2020-06-03 21:16:37,190] I kiwoom.py | Kiwoom-msg_slot-0807 I DEBUG    > 스크린: , 요청이름: , tr코드:  ---  조회가 완료되었습니다.
[2020-06-03 21:20:23,145] I kiwoom.py | Kiwoom-msg_slot-0807 I DEBUG    > 스크린: 2000, 요청이름: 예수금상세현황요청, tr코드: opw00001 --- [00Z310] 모의투자 조회가 완료되었습니다
[2020-06-03 21:20:23,223] I kiwoom.py | Kiwoom-msg_slot-0807 I DEBUG    > 스크린: 2000, 요청이름: 계좌평가잔고내역요청, tr코드: opw00018 --- [00Z310] 모의투자 조회가 완료되었습니다
[2020-06-03 21:20:28,293] I kiwoom.py | Kiwoom-msg_slot-0807 I DEBUG    > 스크린: , 요청이름: , tr코드:  ---  조회가 완료되었습니다.
[2020-06-03 21:27:45,156] I kiwoom.py | Kiwoom-msg_slot-0807 I DEBUG    > 스크린: 2000, 요청이름: 예수금상세현황요청, tr코드: opw00001 --- [00Z310] 모의투자 조회가 완료되었습니다
[2020-06-03 21:27:45,236] I kiwoom.py | Kiwoom-msg_slot-0807 I DEBUG    > 스크린: 2000, 요청이름: 계좌평가잔고내역요청, tr코드: opw00018 --- [00Z310] 모의투자 조회가 완료되었습니다
[2020-06-03 21:27:50,292] I kiwoom.py | Kiwoom-msg_slot-0807 I DEBUG    > 스크린: , 요청이름: , tr코드:  ---  조회가 완료되었습니다.
[2020-06-03 21:34:00,704] I kiwoom.py | Kiwoom-msg_slot-0807 I DEBUG    > 스크린: 2000, 요청이름: 예수금상세현황요청, tr코드: opw00001 --- [00Z310] 모의투자 조회가 완료되었습니다
[2020-06-03 21:34:00,782] I kiwoom.py | Kiwoom-msg_slot-0807 I DEBUG    > 스크린: 2000, 요청이름: 계좌평가잔고내역요청, tr코드: opw00018 --- [00Z310] 모의투자 조회가 완료되었습니다
[2020-06-03 21:34:05,846] I kiwoom.py | Kiwoom-msg_slot-0807 I DEBUG    > 스크린: , 요청이름: , tr코드:  ---  조회가 완료되었습니다.
[2020-06-03 21:34:39,506] I kiwoom.py | Kiwoom-msg_slot-0807 I DEBUG    > 스크린: 2000, 요청이름: 예수금상세현황요청, tr코드: opw00001 --- [00Z310] 모의투자 조회가 완료되었습니다
[2020-06-03 21:34:39,588] I kiwoom.py | Kiwoom-msg_slot-0807 I DEBUG    > 스크린: 2000, 요청이름: 계좌평가잔고내역요청, tr코드: opw00018 --- [00Z310] 모의투자 조회가 완료되었습니다
[2020-06-03 21:34:44,663] I kiwoom.py | Kiwoom-msg_slot-0807 I DEBUG    > 스크린: , 요청이름: , tr코드:  ---  조회가 완료되었습니다.
[2020-06-03 21:37:34,540] I kiwoom.py | Kiwoom-msg_slot-0807 I DEBUG    > 스크린: 2000, 요청이름: 예수금상세현황요청, tr코드: opw00001 --- [00Z310] 모의투자 조회가 완료되었습니다
[2020-06-03 21:37:34,623] I kiwoom.py | Kiwoom-msg_slot-0807 I DEBUG    > 스크린: 2000, 요청이름: 계좌평가잔고내역요청, tr코드: opw00018 --- [00Z310] 모의투자 조회가 완료되었습니다
[2020-06-03 21:37:39,672] I kiwoom.py | Kiwoom-msg_slot-0807 I DEBUG    > 스크린: , 요청이름: , tr코드:  ---  조회가 완료되었습니다.
[2020-06-03 21:42:06,744] I kiwoom.py | Kiwoom-msg_slot-0809 I DEBUG    > 스크린: 2000, 요청이름: 예수금상세현황요청, tr코드: opw00001 --- [00Z310] 모의투자 조회가 완료되었습니다
[2020-06-03 21:42:06,822] I kiwoom.py | Kiwoom-msg_slot-0809 I DEBUG    > 스크린: 2000, 요청이름: 계좌평가잔고내역요청, tr코드: opw00018 --- [00Z310] 모의투자 조회가 완료되었습니다
[2020-06-03 21:42:11,847] I kiwoom.py | Kiwoom-msg_slot-0809 I DEBUG    > 스크린: , 요청이름: , tr코드:  ---  조회가 완료되었습니다.
[2020-06-03 21:49:55,840] I kiwoom.py | Kiwoom-msg_slot-0809 I DEBUG    > 스크린: 2000, 요청이름: 예수금상세현황요청, tr코드: opw00001 --- [00Z310] 모의투자 조회가 완료되었습니다
[2020-06-03 21:49:55,918] I kiwoom.py | Kiwoom-msg_slot-0809 I DEBUG    > 스크린: 2000, 요청이름: 계좌평가잔고내역요청, tr코드: opw00018 --- [00Z310] 모의투자 조회가 완료되었습니다
[2020-06-03 21:50:00,932] I kiwoom.py | Kiwoom-msg_slot-0809 I DEBUG    > 스크린: , 요청이름: , tr코드:  ---  조회가 완료되었습니다.
[2020-06-03 21:51:11,912] I kiwoom.py | Kiwoom-msg_slot-0809 I DEBUG    > 스크린: 2000, 요청이름: 예수금상세현황요청, tr코드: opw00001 --- [00Z310] 모의투자 조회가 완료되었습니다
[2020-06-03 21:51:11,990] I kiwoom.py | Kiwoom-msg_slot-0809 I DEBUG    > 스크린: 2000, 요청이름: 계좌평가잔고내역요청, tr코드: opw00018 --- [00Z310] 모의투자 조회가 완료되었습니다
[2020-06-03 21:51:17,023] I kiwoom.py | Kiwoom-msg_slot-0809 I DEBUG    > 스크린: , 요청이름: , tr코드:  ---  조회가 완료되었습니다.
[2020-06-03 22:08:27,359] I kiwoom.py | Kiwoom-msg_slot-0816 I DEBUG    > 스크린: 2000, 요청이름: 예수금상세현황요청, tr코드: opw00001 --- [00Z310] 모의투자 조회가 완료되었습니다
[2020-06-03 22:08:27,359] I kiwoom.py | Kiwoom-trdata_slot-0172 I DEBUG    > 예수금 : 8575497
[2020-06-03 22:08:27,437] I kiwoom.py | Kiwoom-msg_slot-0816 I DEBUG    > 스크린: 2000, 요청이름: 계좌평가잔고내역요청, tr코드: opw00018 --- [00Z310] 모의투자 조회가 완료되었습니다
[2020-06-03 22:08:27,437] I kiwoom.py | Kiwoom-trdata_slot-0186 I DEBUG    > 계좌평가잔고내역요청 싱글데이터 : 000000001496500 - -00000000015679 - -00000001.05
[2020-06-03 22:08:27,437] I kiwoom.py | Kiwoom-trdata_slot-0206 I DEBUG    > 종목코드: 005930 - 종목명: 삼성전자                                 - 보유수량: 000000000000010 - 매입가:000000000051200 - 수익률: 000000005.46 - 현재가: 000000054500
[2020-06-03 22:08:27,437] I kiwoom.py | Kiwoom-trdata_slot-0230 I DEBUG    > sPreNext : 
[2020-06-03 22:08:27,437] I kiwoom.py | Kiwoom-trdata_slot-0206 I DEBUG    > 종목코드: 035420 - 종목명: NAVER                                    - 보유수량: 000000000000002 - 매입가:000000000233250 - 수익률: -00000004.25 - 현재가: 000000225500
[2020-06-03 22:08:27,437] I kiwoom.py | Kiwoom-trdata_slot-0230 I DEBUG    > sPreNext : 
[2020-06-03 22:08:27,437] I kiwoom.py | Kiwoom-trdata_slot-0206 I DEBUG    > 종목코드: 035720 - 종목명: 카카오                                   - 보유수량: 000000000000002 - 매입가:000000000259000 - 수익률: -00000004.59 - 현재가: 000000249500
[2020-06-03 22:08:27,437] I kiwoom.py | Kiwoom-trdata_slot-0230 I DEBUG    > sPreNext : 
[2020-06-03 22:08:32,494] I kiwoom.py | Kiwoom-msg_slot-0816 I DEBUG    > 스크린: , 요청이름: , tr코드:  ---  조회가 완료되었습니다.
[2020-06-03 22:10:02,476] I kiwoom.py | Kiwoom-msg_slot-0816 I DEBUG    > 스크린: 2000, 요청이름: 예수금상세현황요청, tr코드: opw00001 --- [00Z310] 모의투자 조회가 완료되었습니다
[2020-06-03 22:10:02,476] I kiwoom.py | Kiwoom-trdata_slot-0172 I DEBUG    > 예수금 : 8575497
[2020-06-03 22:10:02,554] I kiwoom.py | Kiwoom-msg_slot-0816 I DEBUG    > 스크린: 2000, 요청이름: 계좌평가잔고내역요청, tr코드: opw00018 --- [00Z310] 모의투자 조회가 완료되었습니다
[2020-06-03 22:10:02,554] I kiwoom.py | Kiwoom-trdata_slot-0186 I DEBUG    > 계좌평가잔고내역요청 싱글데이터 : 000000001496500 - -00000000015679 - -00000001.05
[2020-06-03 22:10:02,554] I kiwoom.py | Kiwoom-trdata_slot-0206 I DEBUG    > 종목코드: 005930 - 종목명: 삼성전자                                 - 보유수량: 000000000000010 - 매입가:000000000051200 - 수익률: 000000005.46 - 현재가: 000000054500
[2020-06-03 22:10:02,554] I kiwoom.py | Kiwoom-trdata_slot-0230 I DEBUG    > sPreNext : 
[2020-06-03 22:10:02,554] I kiwoom.py | Kiwoom-trdata_slot-0206 I DEBUG    > 종목코드: 035420 - 종목명: NAVER                                    - 보유수량: 000000000000002 - 매입가:000000000233250 - 수익률: -00000004.25 - 현재가: 000000225500
[2020-06-03 22:10:02,554] I kiwoom.py | Kiwoom-trdata_slot-0230 I DEBUG    > sPreNext : 
[2020-06-03 22:10:02,570] I kiwoom.py | Kiwoom-trdata_slot-0206 I DEBUG    > 종목코드: 035720 - 종목명: 카카오                                   - 보유수량: 000000000000002 - 매입가:000000000259000 - 수익률: -00000004.59 - 현재가: 000000249500
[2020-06-03 22:10:02,570] I kiwoom.py | Kiwoom-trdata_slot-0230 I DEBUG    > sPreNext : 
[2020-06-03 22:10:07,637] I kiwoom.py | Kiwoom-msg_slot-0816 I DEBUG    > 스크린: , 요청이름: , tr코드:  ---  조회가 완료되었습니다.
