[2020-06-05 06:19:14,846] I kiwoom.py | Kiwoom-msg_slot-0819 I DEBUG    > 스크린: 2000, 요청이름: 예수금상세현황요청, tr코드: opw00001 --- [00Z310] 모의투자 조회가 완료되었습니다
[2020-06-05 06:19:14,849] I kiwoom.py | Kiwoom-trdata_slot-0174 I DEBUG    > 예수금 : 8575497
[2020-06-05 06:19:14,927] I kiwoom.py | Kiwoom-msg_slot-0819 I DEBUG    > 스크린: 2000, 요청이름: 계좌평가잔고내역요청, tr코드: opw00018 --- [00Z310] 모의투자 조회가 완료되었습니다
[2020-06-05 06:19:14,935] I kiwoom.py | Kiwoom-trdata_slot-0188 I DEBUG    > 계좌평가잔고내역요청 싱글데이터 : 000000001393500 - -00000000024415 - -00000001.75
[2020-06-05 06:19:14,937] I kiwoom.py | Kiwoom-trdata_slot-0208 I DEBUG    > 종목코드: 005930 - 종목명: 삼성전자                                 - 보유수량: 000000000000001 - 매입가:000000000056400 - 수익률: -00000004.11 - 현재가: 000000054600
[2020-06-05 06:19:14,938] I kiwoom.py | Kiwoom-trdata_slot-0232 I DEBUG    > sPreNext : 
[2020-06-05 06:19:14,940] I kiwoom.py | Kiwoom-trdata_slot-0208 I DEBUG    > 종목코드: 035420 - 종목명: NAVER                                    - 보유수량: 000000000000002 - 매입가:000000000233250 - 수익률: -00000001.27 - 현재가: 000000232500
[2020-06-05 06:19:14,941] I kiwoom.py | Kiwoom-trdata_slot-0232 I DEBUG    > sPreNext : 
[2020-06-05 06:19:14,942] I kiwoom.py | Kiwoom-trdata_slot-0208 I DEBUG    > 종목코드: 035720 - 종목명: 카카오                                   - 보유수량: 000000000000002 - 매입가:000000000259000 - 수익률: -00000002.87 - 현재가: 000000254000
[2020-06-05 06:19:14,942] I kiwoom.py | Kiwoom-trdata_slot-0232 I DEBUG    > sPreNext : 
[2020-06-05 06:19:14,944] I kiwoom.py | Kiwoom-trdata_slot-0208 I DEBUG    > 종목코드: 060720 - 종목명: KH바텍                                   - 보유수량: 000000000000008 - 매입가:000000000023100 - 수익률: 000000000.78 - 현재가: 000000023500
[2020-06-05 06:19:14,945] I kiwoom.py | Kiwoom-trdata_slot-0232 I DEBUG    > sPreNext : 
[2020-06-05 06:19:14,946] I kiwoom.py | Kiwoom-trdata_slot-0208 I DEBUG    > 종목코드: 078070 - 종목명: 유비쿼스홀딩스                           - 보유수량: 000000000000002 - 매입가:000000000036650 - 수익률: -00000002.56 - 현재가: 000000036050
[2020-06-05 06:19:14,946] I kiwoom.py | Kiwoom-trdata_slot-0232 I DEBUG    > sPreNext : 
[2020-06-05 06:19:14,948] I kiwoom.py | Kiwoom-trdata_slot-0208 I DEBUG    > 종목코드: 089010 - 종목명: 켐트로닉스                               - 보유수량: 000000000000007 - 매입가:000000000013500 - 수익률: -00000000.95 - 현재가: 000000013500
[2020-06-05 06:19:14,948] I kiwoom.py | Kiwoom-trdata_slot-0232 I DEBUG    > sPreNext : 
[2020-06-05 06:19:20,074] I kiwoom.py | Kiwoom-msg_slot-0819 I DEBUG    > 스크린: , 요청이름: , tr코드:  ---  조회가 완료되었습니다.
[2020-06-05 06:20:47,352] I kiwoom.py | Kiwoom-msg_slot-0819 I DEBUG    > 스크린: 2000, 요청이름: 예수금상세현황요청, tr코드: opw00001 --- [00Z310] 모의투자 조회가 완료되었습니다
[2020-06-05 06:20:47,354] I kiwoom.py | Kiwoom-trdata_slot-0174 I DEBUG    > 예수금 : 8575497
[2020-06-05 06:20:47,431] I kiwoom.py | Kiwoom-msg_slot-0819 I DEBUG    > 스크린: 2000, 요청이름: 계좌평가잔고내역요청, tr코드: opw00018 --- [00Z310] 모의투자 조회가 완료되었습니다
[2020-06-05 06:20:47,437] I kiwoom.py | Kiwoom-trdata_slot-0188 I DEBUG    > 계좌평가잔고내역요청 싱글데이터 : 000000001393500 - -00000000024415 - -00000001.75
[2020-06-05 06:20:47,440] I kiwoom.py | Kiwoom-trdata_slot-0208 I DEBUG    > 종목코드: 005930 - 종목명: 삼성전자                                 - 보유수량: 000000000000001 - 매입가:000000000056400 - 수익률: -00000004.11 - 현재가: 000000054600
[2020-06-05 06:20:47,440] I kiwoom.py | Kiwoom-trdata_slot-0232 I DEBUG    > sPreNext : 
[2020-06-05 06:20:47,441] I kiwoom.py | Kiwoom-trdata_slot-0208 I DEBUG    > 종목코드: 035420 - 종목명: NAVER                                    - 보유수량: 000000000000002 - 매입가:000000000233250 - 수익률: -00000001.27 - 현재가: 000000232500
[2020-06-05 06:20:47,442] I kiwoom.py | Kiwoom-trdata_slot-0232 I DEBUG    > sPreNext : 
[2020-06-05 06:20:47,443] I kiwoom.py | Kiwoom-trdata_slot-0208 I DEBUG    > 종목코드: 035720 - 종목명: 카카오                                   - 보유수량: 000000000000002 - 매입가:000000000259000 - 수익률: -00000002.87 - 현재가: 000000254000
[2020-06-05 06:20:47,443] I kiwoom.py | Kiwoom-trdata_slot-0232 I DEBUG    > sPreNext : 
[2020-06-05 06:20:47,444] I kiwoom.py | Kiwoom-trdata_slot-0208 I DEBUG    > 종목코드: 060720 - 종목명: KH바텍                                   - 보유수량: 000000000000008 - 매입가:000000000023100 - 수익률: 000000000.78 - 현재가: 000000023500
[2020-06-05 06:20:47,445] I kiwoom.py | Kiwoom-trdata_slot-0232 I DEBUG    > sPreNext : 
[2020-06-05 06:20:47,446] I kiwoom.py | Kiwoom-trdata_slot-0208 I DEBUG    > 종목코드: 078070 - 종목명: 유비쿼스홀딩스                           - 보유수량: 000000000000002 - 매입가:000000000036650 - 수익률: -00000002.56 - 현재가: 000000036050
[2020-06-05 06:20:47,446] I kiwoom.py | Kiwoom-trdata_slot-0232 I DEBUG    > sPreNext : 
[2020-06-05 06:20:47,447] I kiwoom.py | Kiwoom-trdata_slot-0208 I DEBUG    > 종목코드: 089010 - 종목명: 켐트로닉스                               - 보유수량: 000000000000007 - 매입가:000000000013500 - 수익률: -00000000.95 - 현재가: 000000013500
[2020-06-05 06:20:47,448] I kiwoom.py | Kiwoom-trdata_slot-0232 I DEBUG    > sPreNext : 
[2020-06-05 06:20:52,516] I kiwoom.py | Kiwoom-msg_slot-0819 I DEBUG    > 스크린: , 요청이름: , tr코드:  ---  조회가 완료되었습니다.
