[2020-06-17 17:51:52,229] I kiwoom.py | Kiwoom-msg_slot-0866 I DEBUG    > 스크린: 2000, 요청이름: 예수금상세현황요청, tr코드: opw00001 --- [00Z310] 모의투자 조회가 완료되었습니다
[2020-06-17 17:51:52,229] I kiwoom.py | Kiwoom-trdata_slot-0184 I DEBUG    > 예수금 : 4579146
[2020-06-17 17:51:52,323] I kiwoom.py | Kiwoom-msg_slot-0866 I DEBUG    > 스크린: 2000, 요청이름: 계좌평가잔고내역요청, tr코드: opw00018 --- [00Z310] 모의투자 조회가 완료되었습니다
[2020-06-17 17:51:52,323] I kiwoom.py | Kiwoom-trdata_slot-0199 I DEBUG    > 계좌평가잔고내역요청 싱글데이터 : 000000000418720 - -00000000000472 - -00000000.11
[2020-06-17 17:51:52,323] I kiwoom.py | Kiwoom-trdata_slot-0220 I DEBUG    > 종목코드: 001340 - 종목명: 백광산업                                 - 보유수량: 000000000000002 - 매입가:000000000002530 - 수익률: -00000000.85 - 현재가: 000000002525
[2020-06-17 17:51:52,323] I kiwoom.py | Kiwoom-trdata_slot-0220 I DEBUG    > 종목코드: 024060 - 종목명: 흥구석유                                 - 보유수량: 000000000000008 - 매입가:000000000006980 - 수익률: 000000000.64 - 현재가: 000000007090
[2020-06-17 17:51:52,323] I kiwoom.py | Kiwoom-trdata_slot-0220 I DEBUG    > 종목코드: 060720 - 종목명: KH바텍                                   - 보유수량: 000000000000004 - 매입가:000000000023175 - 수익률: 000000002.82 - 현재가: 000000024050
[2020-06-17 17:51:52,323] I kiwoom.py | Kiwoom-trdata_slot-0220 I DEBUG    > 종목코드: 078070 - 종목명: 유비쿼스홀딩스                           - 보유수량: 000000000000001 - 매입가:000000000033600 - 수익률: 000000000.43 - 현재가: 000000034050
[2020-06-17 17:51:52,323] I kiwoom.py | Kiwoom-trdata_slot-0220 I DEBUG    > 종목코드: 089010 - 종목명: 켐트로닉스                               - 보유수량: 000000000000004 - 매입가:000000000012450 - 수익률: -00000000.13 - 현재가: 000000012550
[2020-06-17 17:51:52,323] I kiwoom.py | Kiwoom-trdata_slot-0220 I DEBUG    > 종목코드: 094360 - 종목명: 칩스앤미디어                             - 보유수량: 000000000000007 - 매입가:000000000008450 - 수익률: -00000001.87 - 현재가: 000000008370
[2020-06-17 17:51:52,323] I kiwoom.py | Kiwoom-trdata_slot-0220 I DEBUG    > 종목코드: 170030 - 종목명: 현대공업                                 - 보유수량: 000000000000014 - 매입가:000000000004405 - 수익률: -00000001.95 - 현재가: 000000004360
[2020-06-17 17:51:52,323] I kiwoom.py | Kiwoom-trdata_slot-0220 I DEBUG    > 종목코드: 196300 - 종목명: 애니젠                                   - 보유수량: 000000000000006 - 매입가:000000000010150 - 수익률: -00000001.92 - 현재가: 000000010050
[2020-06-17 17:51:52,339] I kiwoom.py | Kiwoom-trdata_slot-0244 I DEBUG    > sPreNext : 
[2020-06-17 17:51:57,403] I kiwoom.py | Kiwoom-msg_slot-0866 I DEBUG    > 스크린: , 요청이름: , tr코드:  ---  조회가 완료되었습니다.
[2020-06-17 18:50:52,291] I kiwoom.py | Kiwoom-msg_slot-0866 I DEBUG    > 스크린: 2000, 요청이름: 예수금상세현황요청, tr코드: opw00001 --- [00Z310] 모의투자 조회가 완료되었습니다
[2020-06-17 18:50:52,294] I kiwoom.py | Kiwoom-trdata_slot-0184 I DEBUG    > 예수금 : 4579146
[2020-06-17 18:50:52,393] I kiwoom.py | Kiwoom-msg_slot-0866 I DEBUG    > 스크린: 2000, 요청이름: 계좌평가잔고내역요청, tr코드: opw00018 --- [00Z310] 모의투자 조회가 완료되었습니다
[2020-06-17 18:50:52,401] I kiwoom.py | Kiwoom-trdata_slot-0199 I DEBUG    > 계좌평가잔고내역요청 싱글데이터 : 000000000418720 - -00000000000472 - -00000000.11
[2020-06-17 18:50:52,403] I kiwoom.py | Kiwoom-trdata_slot-0220 I DEBUG    > 종목코드: 001340 - 종목명: 백광산업                                 - 보유수량: 000000000000002 - 매입가:000000000002530 - 수익률: -00000000.85 - 현재가: 000000002525
[2020-06-17 18:50:52,405] I kiwoom.py | Kiwoom-trdata_slot-0220 I DEBUG    > 종목코드: 024060 - 종목명: 흥구석유                                 - 보유수량: 000000000000008 - 매입가:000000000006980 - 수익률: 000000000.64 - 현재가: 000000007090
[2020-06-17 18:50:52,406] I kiwoom.py | Kiwoom-trdata_slot-0220 I DEBUG    > 종목코드: 060720 - 종목명: KH바텍                                   - 보유수량: 000000000000004 - 매입가:000000000023175 - 수익률: 000000002.82 - 현재가: 000000024050
[2020-06-17 18:50:52,407] I kiwoom.py | Kiwoom-trdata_slot-0220 I DEBUG    > 종목코드: 078070 - 종목명: 유비쿼스홀딩스                           - 보유수량: 000000000000001 - 매입가:000000000033600 - 수익률: 000000000.43 - 현재가: 000000034050
[2020-06-17 18:50:52,408] I kiwoom.py | Kiwoom-trdata_slot-0220 I DEBUG    > 종목코드: 089010 - 종목명: 켐트로닉스                               - 보유수량: 000000000000004 - 매입가:000000000012450 - 수익률: -00000000.13 - 현재가: 000000012550
[2020-06-17 18:50:52,409] I kiwoom.py | Kiwoom-trdata_slot-0220 I DEBUG    > 종목코드: 094360 - 종목명: 칩스앤미디어                             - 보유수량: 000000000000007 - 매입가:000000000008450 - 수익률: -00000001.87 - 현재가: 000000008370
[2020-06-17 18:50:52,411] I kiwoom.py | Kiwoom-trdata_slot-0220 I DEBUG    > 종목코드: 170030 - 종목명: 현대공업                                 - 보유수량: 000000000000014 - 매입가:000000000004405 - 수익률: -00000001.95 - 현재가: 000000004360
[2020-06-17 18:50:52,412] I kiwoom.py | Kiwoom-trdata_slot-0220 I DEBUG    > 종목코드: 196300 - 종목명: 애니젠                                   - 보유수량: 000000000000006 - 매입가:000000000010150 - 수익률: -00000001.92 - 현재가: 000000010050
[2020-06-17 18:50:52,412] I kiwoom.py | Kiwoom-trdata_slot-0244 I DEBUG    > sPreNext : 
[2020-06-17 18:50:57,471] I kiwoom.py | Kiwoom-msg_slot-0866 I DEBUG    > 스크린: , 요청이름: , tr코드:  ---  조회가 완료되었습니다.
[2020-06-17 18:51:44,921] I kiwoom.py | Kiwoom-msg_slot-0866 I DEBUG    > 스크린: 2000, 요청이름: 예수금상세현황요청, tr코드: opw00001 --- [00Z310] 모의투자 조회가 완료되었습니다
[2020-06-17 18:52:44,548] I kiwoom.py | Kiwoom-msg_slot-0866 I DEBUG    > 스크린: 2000, 요청이름: 예수금상세현황요청, tr코드: opw00001 --- [00Z310] 모의투자 조회가 완료되었습니다
[2020-06-17 19:37:07,226] I kiwoom.py | Kiwoom-msg_slot-0866 I DEBUG    > 스크린: 2000, 요청이름: 예수금상세현황요청, tr코드: opw00001 --- [00Z310] 모의투자 조회가 완료되었습니다
[2020-06-17 19:37:07,229] I kiwoom.py | Kiwoom-trdata_slot-0184 I DEBUG    > 예수금 : 4579146
[2020-06-17 19:37:07,320] I kiwoom.py | Kiwoom-msg_slot-0866 I DEBUG    > 스크린: 2000, 요청이름: 계좌평가잔고내역요청, tr코드: opw00018 --- [00Z310] 모의투자 조회가 완료되었습니다
[2020-06-17 19:37:07,323] I kiwoom.py | Kiwoom-trdata_slot-0199 I DEBUG    > 계좌평가잔고내역요청 싱글데이터 : 000000000418720 - -00000000000472 - -00000000.11
[2020-06-17 19:37:07,324] I kiwoom.py | Kiwoom-trdata_slot-0220 I DEBUG    > 종목코드: 001340 - 종목명: 백광산업                                 - 보유수량: 000000000000002 - 매입가:000000000002530 - 수익률: -00000000.85 - 현재가: 000000002525
[2020-06-17 19:37:07,325] I kiwoom.py | Kiwoom-trdata_slot-0220 I DEBUG    > 종목코드: 024060 - 종목명: 흥구석유                                 - 보유수량: 000000000000008 - 매입가:000000000006980 - 수익률: 000000000.64 - 현재가: 000000007090
[2020-06-17 19:37:07,326] I kiwoom.py | Kiwoom-trdata_slot-0220 I DEBUG    > 종목코드: 060720 - 종목명: KH바텍                                   - 보유수량: 000000000000004 - 매입가:000000000023175 - 수익률: 000000002.82 - 현재가: 000000024050
[2020-06-17 19:37:07,327] I kiwoom.py | Kiwoom-trdata_slot-0220 I DEBUG    > 종목코드: 078070 - 종목명: 유비쿼스홀딩스                           - 보유수량: 000000000000001 - 매입가:000000000033600 - 수익률: 000000000.43 - 현재가: 000000034050
[2020-06-17 19:37:07,328] I kiwoom.py | Kiwoom-trdata_slot-0220 I DEBUG    > 종목코드: 089010 - 종목명: 켐트로닉스                               - 보유수량: 000000000000004 - 매입가:000000000012450 - 수익률: -00000000.13 - 현재가: 000000012550
[2020-06-17 19:37:07,329] I kiwoom.py | Kiwoom-trdata_slot-0220 I DEBUG    > 종목코드: 094360 - 종목명: 칩스앤미디어                             - 보유수량: 000000000000007 - 매입가:000000000008450 - 수익률: -00000001.87 - 현재가: 000000008370
[2020-06-17 19:37:07,331] I kiwoom.py | Kiwoom-trdata_slot-0220 I DEBUG    > 종목코드: 170030 - 종목명: 현대공업                                 - 보유수량: 000000000000014 - 매입가:000000000004405 - 수익률: -00000001.95 - 현재가: 000000004360
[2020-06-17 19:37:07,332] I kiwoom.py | Kiwoom-trdata_slot-0220 I DEBUG    > 종목코드: 196300 - 종목명: 애니젠                                   - 보유수량: 000000000000006 - 매입가:000000000010150 - 수익률: -00000001.92 - 현재가: 000000010050
[2020-06-17 19:37:07,333] I kiwoom.py | Kiwoom-trdata_slot-0244 I DEBUG    > sPreNext : 
[2020-06-17 19:37:12,373] I kiwoom.py | Kiwoom-msg_slot-0866 I DEBUG    > 스크린: , 요청이름: , tr코드:  ---  조회가 완료되었습니다.
[2020-06-17 19:37:59,441] I kiwoom.py | Kiwoom-msg_slot-0866 I DEBUG    > 스크린: 2000, 요청이름: 예수금상세현황요청, tr코드: opw00001 --- [00Z310] 모의투자 조회가 완료되었습니다
[2020-06-17 19:37:59,446] I kiwoom.py | Kiwoom-trdata_slot-0184 I DEBUG    > 예수금 : 4579146
[2020-06-17 19:37:59,525] I kiwoom.py | Kiwoom-msg_slot-0866 I DEBUG    > 스크린: 2000, 요청이름: 계좌평가잔고내역요청, tr코드: opw00018 --- [00Z310] 모의투자 조회가 완료되었습니다
[2020-06-17 19:37:59,528] I kiwoom.py | Kiwoom-trdata_slot-0199 I DEBUG    > 계좌평가잔고내역요청 싱글데이터 : 000000000418720 - -00000000000472 - -00000000.11
[2020-06-17 19:37:59,529] I kiwoom.py | Kiwoom-trdata_slot-0220 I DEBUG    > 종목코드: 001340 - 종목명: 백광산업                                 - 보유수량: 000000000000002 - 매입가:000000000002530 - 수익률: -00000000.85 - 현재가: 000000002525
[2020-06-17 19:37:59,531] I kiwoom.py | Kiwoom-trdata_slot-0220 I DEBUG    > 종목코드: 024060 - 종목명: 흥구석유                                 - 보유수량: 000000000000008 - 매입가:000000000006980 - 수익률: 000000000.64 - 현재가: 000000007090
[2020-06-17 19:37:59,532] I kiwoom.py | Kiwoom-trdata_slot-0220 I DEBUG    > 종목코드: 060720 - 종목명: KH바텍                                   - 보유수량: 000000000000004 - 매입가:000000000023175 - 수익률: 000000002.82 - 현재가: 000000024050
[2020-06-17 19:37:59,533] I kiwoom.py | Kiwoom-trdata_slot-0220 I DEBUG    > 종목코드: 078070 - 종목명: 유비쿼스홀딩스                           - 보유수량: 000000000000001 - 매입가:000000000033600 - 수익률: 000000000.43 - 현재가: 000000034050
[2020-06-17 19:37:59,534] I kiwoom.py | Kiwoom-trdata_slot-0220 I DEBUG    > 종목코드: 089010 - 종목명: 켐트로닉스                               - 보유수량: 000000000000004 - 매입가:000000000012450 - 수익률: -00000000.13 - 현재가: 000000012550
[2020-06-17 19:37:59,536] I kiwoom.py | Kiwoom-trdata_slot-0220 I DEBUG    > 종목코드: 094360 - 종목명: 칩스앤미디어                             - 보유수량: 000000000000007 - 매입가:000000000008450 - 수익률: -00000001.87 - 현재가: 000000008370
[2020-06-17 19:37:59,537] I kiwoom.py | Kiwoom-trdata_slot-0220 I DEBUG    > 종목코드: 170030 - 종목명: 현대공업                                 - 보유수량: 000000000000014 - 매입가:000000000004405 - 수익률: -00000001.95 - 현재가: 000000004360
[2020-06-17 19:37:59,539] I kiwoom.py | Kiwoom-trdata_slot-0220 I DEBUG    > 종목코드: 196300 - 종목명: 애니젠                                   - 보유수량: 000000000000006 - 매입가:000000000010150 - 수익률: -00000001.92 - 현재가: 000000010050
[2020-06-17 19:37:59,540] I kiwoom.py | Kiwoom-trdata_slot-0244 I DEBUG    > sPreNext : 
[2020-06-17 19:38:04,573] I kiwoom.py | Kiwoom-msg_slot-0866 I DEBUG    > 스크린: , 요청이름: , tr코드:  ---  조회가 완료되었습니다.
[2020-06-17 23:58:26,693] I kiwoom.py | Kiwoom-msg_slot-0866 I DEBUG    > 스크린: 2000, 요청이름: 예수금상세현황요청, tr코드: opw00001 --- [00Z310] 모의투자 조회가 완료되었습니다
[2020-06-17 23:58:26,695] I kiwoom.py | Kiwoom-trdata_slot-0184 I DEBUG    > 예수금 : 4579146
[2020-06-17 23:58:26,775] I kiwoom.py | Kiwoom-msg_slot-0866 I DEBUG    > 스크린: 2000, 요청이름: 계좌평가잔고내역요청, tr코드: opw00018 --- [00Z310] 모의투자 조회가 완료되었습니다
[2020-06-17 23:58:26,778] I kiwoom.py | Kiwoom-trdata_slot-0199 I DEBUG    > 계좌평가잔고내역요청 싱글데이터 : 000000000418720 - -00000000000472 - -00000000.11
[2020-06-17 23:58:26,779] I kiwoom.py | Kiwoom-trdata_slot-0220 I DEBUG    > 종목코드: 001340 - 종목명: 백광산업                                 - 보유수량: 000000000000002 - 매입가:000000000002530 - 수익률: -00000000.85 - 현재가: 000000002525
[2020-06-17 23:58:26,779] I kiwoom.py | Kiwoom-trdata_slot-0220 I DEBUG    > 종목코드: 024060 - 종목명: 흥구석유                                 - 보유수량: 000000000000008 - 매입가:000000000006980 - 수익률: 000000000.64 - 현재가: 000000007090
[2020-06-17 23:58:26,780] I kiwoom.py | Kiwoom-trdata_slot-0220 I DEBUG    > 종목코드: 060720 - 종목명: KH바텍                                   - 보유수량: 000000000000004 - 매입가:000000000023175 - 수익률: 000000002.82 - 현재가: 000000024050
[2020-06-17 23:58:26,780] I kiwoom.py | Kiwoom-trdata_slot-0220 I DEBUG    > 종목코드: 078070 - 종목명: 유비쿼스홀딩스                           - 보유수량: 000000000000001 - 매입가:000000000033600 - 수익률: 000000000.43 - 현재가: 000000034050
[2020-06-17 23:58:26,781] I kiwoom.py | Kiwoom-trdata_slot-0220 I DEBUG    > 종목코드: 089010 - 종목명: 켐트로닉스                               - 보유수량: 000000000000004 - 매입가:000000000012450 - 수익률: -00000000.13 - 현재가: 000000012550
[2020-06-17 23:58:26,781] I kiwoom.py | Kiwoom-trdata_slot-0220 I DEBUG    > 종목코드: 094360 - 종목명: 칩스앤미디어                             - 보유수량: 000000000000007 - 매입가:000000000008450 - 수익률: -00000001.87 - 현재가: 000000008370
[2020-06-17 23:58:26,782] I kiwoom.py | Kiwoom-trdata_slot-0220 I DEBUG    > 종목코드: 170030 - 종목명: 현대공업                                 - 보유수량: 000000000000014 - 매입가:000000000004405 - 수익률: -00000001.95 - 현재가: 000000004360
[2020-06-17 23:58:26,783] I kiwoom.py | Kiwoom-trdata_slot-0220 I DEBUG    > 종목코드: 196300 - 종목명: 애니젠                                   - 보유수량: 000000000000006 - 매입가:000000000010150 - 수익률: -00000001.92 - 현재가: 000000010050
[2020-06-17 23:58:26,783] I kiwoom.py | Kiwoom-trdata_slot-0244 I DEBUG    > sPreNext : 
[2020-06-17 23:58:31,827] I kiwoom.py | Kiwoom-msg_slot-0866 I DEBUG    > 스크린: , 요청이름: , tr코드:  ---  조회가 완료되었습니다.
